[1.610s] Invoking command in '/home/samuel/ros2_robot_project/src/Tp2_exercice': PYTHONPATH=/home/samuel/ros2_robot_project/build/Tp2_exercice/prefix_override:/usr/lib/python3/dist-packages/colcon_core/task/python/colcon_distutils_commands:/home/samuel/ros2_robot_project/install/Tp2_exercice/lib/python3.10/site-packages:${PYTHONPATH} /usr/bin/python3 -W ignore:setup.py install is deprecated -W ignore:easy_install command is deprecated setup.py egg_info --egg-base ../../build/Tp2_exercice build --build-base /home/samuel/ros2_robot_project/build/Tp2_exercice/build install --record /home/samuel/ros2_robot_project/build/Tp2_exercice/install.log --single-version-externally-managed install_data
[2.534s] running egg_info
[2.543s] creating ../../build/Tp2_exercice/Tp2_exercice.egg-info
[2.544s] writing ../../build/Tp2_exercice/Tp2_exercice.egg-info/PKG-INFO
[2.544s] writing dependency_links to ../../build/Tp2_exercice/Tp2_exercice.egg-info/dependency_links.txt
[2.544s] writing entry points to ../../build/Tp2_exercice/Tp2_exercice.egg-info/entry_points.txt
[2.544s] writing requirements to ../../build/Tp2_exercice/Tp2_exercice.egg-info/requires.txt
[2.544s] writing top-level names to ../../build/Tp2_exercice/Tp2_exercice.egg-info/top_level.txt
[2.546s] writing manifest file '../../build/Tp2_exercice/Tp2_exercice.egg-info/SOURCES.txt'
[2.548s] reading manifest file '../../build/Tp2_exercice/Tp2_exercice.egg-info/SOURCES.txt'
[2.555s] writing manifest file '../../build/Tp2_exercice/Tp2_exercice.egg-info/SOURCES.txt'
[2.555s] running build
[2.556s] running build_py
[2.556s] creating /home/samuel/ros2_robot_project/build/Tp2_exercice/build
[2.556s] creating /home/samuel/ros2_robot_project/build/Tp2_exercice/build/lib
[2.556s] creating /home/samuel/ros2_robot_project/build/Tp2_exercice/build/lib/Tp2_exercice
[2.557s] copying Tp2_exercice/__init__.py -> /home/samuel/ros2_robot_project/build/Tp2_exercice/build/lib/Tp2_exercice
[2.557s] copying Tp2_exercice/multi_turtle_manager.py -> /home/samuel/ros2_robot_project/build/Tp2_exercice/build/lib/Tp2_exercice
[2.559s] running install
[2.564s] running install_lib
[2.564s] creating /home/samuel/ros2_robot_project/install/Tp2_exercice/lib/python3.10/site-packages/Tp2_exercice
[2.565s] copying /home/samuel/ros2_robot_project/build/Tp2_exercice/build/lib/Tp2_exercice/__init__.py -> /home/samuel/ros2_robot_project/install/Tp2_exercice/lib/python3.10/site-packages/Tp2_exercice
[2.565s] copying /home/samuel/ros2_robot_project/build/Tp2_exercice/build/lib/Tp2_exercice/multi_turtle_manager.py -> /home/samuel/ros2_robot_project/install/Tp2_exercice/lib/python3.10/site-packages/Tp2_exercice
[2.566s] byte-compiling /home/samuel/ros2_robot_project/install/Tp2_exercice/lib/python3.10/site-packages/Tp2_exercice/__init__.py to __init__.cpython-310.pyc
[2.569s] byte-compiling /home/samuel/ros2_robot_project/install/Tp2_exercice/lib/python3.10/site-packages/Tp2_exercice/multi_turtle_manager.py to multi_turtle_manager.cpython-310.pyc
[2.572s] running install_data
[2.573s] creating /home/samuel/ros2_robot_project/install/Tp2_exercice/share/ament_index
[2.573s] creating /home/samuel/ros2_robot_project/install/Tp2_exercice/share/ament_index/resource_index
[2.573s] creating /home/samuel/ros2_robot_project/install/Tp2_exercice/share/ament_index/resource_index/packages
[2.574s] copying resource/Tp2_exercice -> /home/samuel/ros2_robot_project/install/Tp2_exercice/share/ament_index/resource_index/packages
[2.574s] copying package.xml -> /home/samuel/ros2_robot_project/install/Tp2_exercice/share/Tp2_exercice
[2.575s] running install_egg_info
[2.577s] Copying ../../build/Tp2_exercice/Tp2_exercice.egg-info to /home/samuel/ros2_robot_project/install/Tp2_exercice/lib/python3.10/site-packages/Tp2_exercice-0.0.1-py3.10.egg-info
[2.578s] running install_scripts
[2.608s] Installing multi_turtle_manager script to /home/samuel/ros2_robot_project/install/Tp2_exercice/lib/Tp2_exercice
[2.608s] writing list of installed files to '/home/samuel/ros2_robot_project/build/Tp2_exercice/install.log'
[2.638s] Invoked command in '/home/samuel/ros2_robot_project/src/Tp2_exercice' returned '0': PYTHONPATH=/home/samuel/ros2_robot_project/build/Tp2_exercice/prefix_override:/usr/lib/python3/dist-packages/colcon_core/task/python/colcon_distutils_commands:/home/samuel/ros2_robot_project/install/Tp2_exercice/lib/python3.10/site-packages:${PYTHONPATH} /usr/bin/python3 -W ignore:setup.py install is deprecated -W ignore:easy_install command is deprecated setup.py egg_info --egg-base ../../build/Tp2_exercice build --build-base /home/samuel/ros2_robot_project/build/Tp2_exercice/build install --record /home/samuel/ros2_robot_project/build/Tp2_exercice/install.log --single-version-externally-managed install_data
